<?xml version="1.0" encoding="UTF-8"?>
<testsuite xmlns:xsi="http://www.w3.org/2001/XMLSchema-instance" xsi:noNamespaceSchemaLocation="https://maven.apache.org/surefire/maven-surefire-plugin/xsd/surefire-test-report.xsd" name="RedisApplicationTests" time="8.984" tests="5" errors="0" skipped="0" failures="0">
  <properties>
[...]
</properties>
  <testcase name="setGetTest" classname="RedisApplicationTests" time="1.89"/>
  <testcase name="expireTest" classname="RedisApplicationTests" time="0.094"/>
  <testcase name="updateTest" classname="RedisApplicationTests" time="0.011"/>
  <testcase name="delKeyTest" classname="RedisApplicationTests" time="0.076"/>
  <testcase name="hgetAndHsetTest" classname="RedisApplicationTests" time="0.013"/>
</testsuite>